#
# There is insufficient memory for the Java Runtime Environment to continue.
# Native memory allocation (mmap) failed to map 130023424 bytes for G1 virtual space
# Possible reasons:
#   The system is out of physical RAM or swap space
#   The process is running with CompressedOops enabled, and the Java Heap may be blocking the growth of the native heap
# Possible solutions:
#   Reduce memory load on the system
#   Increase physical memory or swap space
#   Check if swap backing store is full
#   Decrease Java heap size (-Xmx/-Xms)
#   Decrease number of Java threads
#   Decrease Java thread stack sizes (-Xss)
#   Set larger code cache with -XX:ReservedCodeCacheSize=
#   JVM is running with Unscaled Compressed Oops mode in which the Java heap is
#     placed in the first 4GB address space. The Java Heap base address is the
#     maximum limit for the native heap growth. Please use -XX:HeapBaseMinAddress
#     to set the Java Heap base and to place the Java Heap above 4GB virtual address.
# This output file may be truncated or incomplete.
#
#  Out of Memory Error (os_windows.cpp:3527), pid=8276, tid=3624
#
# JRE version:  (19.0.1+10) (build )
# Java VM: OpenJDK 64-Bit Server VM (19.0.1+10-21, mixed mode, sharing, tiered, compressed oops, compressed class ptrs, g1 gc, windows-amd64)
# No core dump will be written. Minidumps are not enabled by default on client versions of Windows
#

---------------  S U M M A R Y ------------

Command Line: -javaagent:C:\Program Files\JetBrains\IntelliJ IDEA Community Edition 2022.3.1\lib\idea_rt.jar=55000:C:\Program Files\JetBrains\IntelliJ IDEA Community Edition 2022.3.1\bin -Dfile.encoding=UTF-8 -Dsun.stdout.encoding=UTF-8 -Dsun.stderr.encoding=UTF-8 Main

Host: Intel(R) Core(TM) i5-1035G1 CPU @ 1.00GHz, 8 cores, 7G,  Windows 11 , 64 bit Build 22000 (10.0.22000.1335)
Time: Wed Feb  1 18:29:08 2023 Hora est. Pacífico, Sudamérica elapsed time: 0.037083 seconds (0d 0h 0m 0s)

---------------  T H R E A D  ---------------

Current thread (0x000001d86d7fd340):  JavaThread "Unknown thread" [_thread_in_vm, id=3624, stack(0x0000008eab300000,0x0000008eab400000)]

Stack: [0x0000008eab300000,0x0000008eab400000]
Native frames: (J=compiled Java code, j=interpreted, Vv=VM code, C=native code)
V  [jvm.dll+0x6ee8fa]
V  [jvm.dll+0x857a1e]
V  [jvm.dll+0x85940e]
V  [jvm.dll+0x859ac3]
V  [jvm.dll+0x28291f]
V  [jvm.dll+0x6eb6e9]
V  [jvm.dll+0x6e028a]
V  [jvm.dll+0x357136]
V  [jvm.dll+0x35eb96]
V  [jvm.dll+0x3b555e]
V  [jvm.dll+0x3b578f]
V  [jvm.dll+0x32c6ea]
V  [jvm.dll+0x32d59e]
V  [jvm.dll+0x821b20]
V  [jvm.dll+0x3c27c1]
V  [jvm.dll+0x8022f1]
V  [jvm.dll+0x44b30f]
V  [jvm.dll+0x44cc91]
C  [jli.dll+0x5287]
C  [ucrtbase.dll+0x26c0c]
C  [KERNEL32.DLL+0x155a0]
C  [ntdll.dll+0x485b]


---------------  P R O C E S S  ---------------

Threads class SMR info:
_java_thread_list=0x00007ff967d0d048, length=0, elements={
}

Java Threads: ( => current thread )

Other Threads:
  0x000001d86d85ba20 WorkerThread "GC Thread#0" [stack: 0x0000008eab400000,0x0000008eab500000] [id=18300]
  0x000001d86d86c2e0 ConcurrentGCThread "G1 Main Marker" [stack: 0x0000008eab500000,0x0000008eab600000] [id=5776]
  0x000001d86d86ceb0 WorkerThread "G1 Conc#0" [stack: 0x0000008eab600000,0x0000008eab700000] [id=17876]

[error occurred during error reporting (printing all threads), id 0xc0000005, EXCEPTION_ACCESS_VIOLATION (0xc0000005) at pc=0x00007ff9674cd127]

VM state: not at safepoint (not fully initialized)

VM Mutex/Monitor currently owned by a thread:  ([mutex/lock_event])
[0x000001d86d7f8400] Heap_lock - owner thread: 0x000001d86d7fd340

Heap address: 0x0000000084000000, size: 1984 MB, Compressed Oops mode: 32-bit

CDS archive(s) mapped at: [0x0000000000000000-0x0000000000000000-0x0000000000000000), size 0, SharedBaseAddress: 0x0000000800000000, ArchiveRelocationMode: 0.
Narrow klass base: 0x0000000000000000, Narrow klass shift: 0, Narrow klass range: 0x0

GC Precious Log:
 CardTable entry size: 512
 Card Set container configuration: InlinePtr #cards 5 size 8 Array Of Cards #cards 12 size 40 Howl #buckets 4 coarsen threshold 1843 Howl Bitmap #cards 512 size 80 coarsen threshold 460 Card regions per heap region 1 cards per card region 2048

Heap:
 garbage-first heap   total 0K, used 0K [0x0000000084000000, 0x0000000100000000)
  region size 1024K, 0 young (0K), 0 survivors (0K)

[error occurred during error reporting (printing heap information), id 0xc0000005, EXCEPTION_ACCESS_VIOLATION (0xc0000005) at pc=0x00007ff9678d6959]

GC Heap History (0 events):
No events

Dll operation events (1 events):
Event: 0.027 Loaded shared library C:\Users\lator\.jdks\openjdk-19.0.1\bin\java.dll

Deoptimization events (0 events):
No events

Classes loaded (0 events):
No events

Classes unloaded (0 events):
No events

Classes redefined (0 events):
No events

Internal exceptions (0 events):
No events

VM Operations (0 events):
No events

Events (0 events):
No events


Dynamic libraries:
0x00007ff7ff9e0000 - 0x00007ff7ff9ee000 	C:\Users\lator\.jdks\openjdk-19.0.1\bin\java.exe
0x00007ff9aade0000 - 0x00007ff9aafe9000 	C:\Windows\SYSTEM32\ntdll.dll
0x00007ff9a9c70000 - 0x00007ff9a9d2e000 	C:\Windows\System32\KERNEL32.DLL
0x00007ff9a8410000 - 0x00007ff9a878b000 	C:\Windows\System32\KERNELBASE.dll
0x00007ff9a8a20000 - 0x00007ff9a8b31000 	C:\Windows\System32\ucrtbase.dll
0x00007ff9a5290000 - 0x00007ff9a52ab000 	C:\Users\lator\.jdks\openjdk-19.0.1\bin\VCRUNTIME140.dll
0x00007ff9a52d0000 - 0x00007ff9a52e7000 	C:\Users\lator\.jdks\openjdk-19.0.1\bin\jli.dll
0x00007ff9a9da0000 - 0x00007ff9a9f4d000 	C:\Windows\System32\USER32.dll
0x00007ff98b0f0000 - 0x00007ff98b395000 	C:\Windows\WinSxS\amd64_microsoft.windows.common-controls_6595b64144ccf1df_6.0.22000.120_none_9d947278b86cc467\COMCTL32.dll
0x00007ff9a82b0000 - 0x00007ff9a82d6000 	C:\Windows\System32\win32u.dll
0x00007ff9a9200000 - 0x00007ff9a92a3000 	C:\Windows\System32\msvcrt.dll
0x00007ff9aad70000 - 0x00007ff9aad99000 	C:\Windows\System32\GDI32.dll
0x00007ff9a8790000 - 0x00007ff9a88a8000 	C:\Windows\System32\gdi32full.dll
0x00007ff9a8bc0000 - 0x00007ff9a8c5d000 	C:\Windows\System32\msvcp_win.dll
0x00007ff9aa840000 - 0x00007ff9aa872000 	C:\Windows\System32\IMM32.DLL
0x00007ff9a4f70000 - 0x00007ff9a4f7c000 	C:\Users\lator\.jdks\openjdk-19.0.1\bin\vcruntime140_1.dll
0x00007ff993400000 - 0x00007ff99348e000 	C:\Users\lator\.jdks\openjdk-19.0.1\bin\msvcp140.dll
0x00007ff967190000 - 0x00007ff967e50000 	C:\Users\lator\.jdks\openjdk-19.0.1\bin\server\jvm.dll
0x00007ff9aa790000 - 0x00007ff9aa83e000 	C:\Windows\System32\ADVAPI32.dll
0x00007ff9aaa40000 - 0x00007ff9aaade000 	C:\Windows\System32\sechost.dll
0x00007ff9a8c60000 - 0x00007ff9a8d80000 	C:\Windows\System32\RPCRT4.dll
0x00007ff9898b0000 - 0x00007ff9898b9000 	C:\Windows\SYSTEM32\WSOCK32.dll
0x00007ff9a2860000 - 0x00007ff9a2893000 	C:\Windows\SYSTEM32\WINMM.dll
0x00007ff9a0aa0000 - 0x00007ff9a0aaa000 	C:\Windows\SYSTEM32\VERSION.dll
0x00007ff9a9ba0000 - 0x00007ff9a9c0f000 	C:\Windows\System32\WS2_32.dll
0x00007ff9a7330000 - 0x00007ff9a7348000 	C:\Windows\SYSTEM32\kernel.appcore.dll
0x00007ff9a43d0000 - 0x00007ff9a43da000 	C:\Users\lator\.jdks\openjdk-19.0.1\bin\jimage.dll
0x00007ff9a5cc0000 - 0x00007ff9a5ee1000 	C:\Windows\SYSTEM32\DBGHELP.DLL
0x00007ff988fc0000 - 0x00007ff988ff1000 	C:\Windows\SYSTEM32\dbgcore.DLL
0x00007ff9a8b40000 - 0x00007ff9a8bbf000 	C:\Windows\System32\bcryptPrimitives.dll
0x00007ff9a43c0000 - 0x00007ff9a43ce000 	C:\Users\lator\.jdks\openjdk-19.0.1\bin\instrument.dll
0x00007ff9938f0000 - 0x00007ff993916000 	C:\Users\lator\.jdks\openjdk-19.0.1\bin\java.dll

dbghelp: loaded successfully - version: 4.0.5 - missing functions: none
symbol engine: initialized successfully - sym options: 0x614 - pdb path: .;C:\Users\lator\.jdks\openjdk-19.0.1\bin;C:\Windows\SYSTEM32;C:\Windows\WinSxS\amd64_microsoft.windows.common-controls_6595b64144ccf1df_6.0.22000.120_none_9d947278b86cc467;C:\Users\lator\.jdks\openjdk-19.0.1\bin\server

VM Arguments:
jvm_args: -javaagent:C:\Program Files\JetBrains\IntelliJ IDEA Community Edition 2022.3.1\lib\idea_rt.jar=55000:C:\Program Files\JetBrains\IntelliJ IDEA Community Edition 2022.3.1\bin -Dfile.encoding=UTF-8 -Dsun.stdout.encoding=UTF-8 -Dsun.stderr.encoding=UTF-8 
java_command: Main
java_class_path (initial): C:\Users\lator\Ejercicio7_guiaIII\out\production\Ejercicio7_guiaIII
Launcher Type: SUN_STANDARD

[Global flags]
     intx CICompilerCount                          = 4                                         {product} {ergonomic}
     uint ConcGCThreads                            = 2                                         {product} {ergonomic}
     uint G1ConcRefinementThreads                  = 8                                         {product} {ergonomic}
   size_t G1HeapRegionSize                         = 1048576                                   {product} {ergonomic}
    uintx GCDrainStackTargetSize                   = 64                                        {product} {ergonomic}
   size_t InitialHeapSize                          = 130023424                                 {product} {ergonomic}
   size_t MarkStackSize                            = 4194304                                   {product} {ergonomic}
   size_t MaxHeapSize                              = 2080374784                                {product} {ergonomic}
   size_t MinHeapDeltaBytes                        = 1048576                                   {product} {ergonomic}
   size_t MinHeapSize                              = 8388608                                   {product} {ergonomic}
    uintx NonNMethodCodeHeapSize                   = 5839372                                {pd product} {ergonomic}
    uintx NonProfiledCodeHeapSize                  = 122909434                              {pd product} {ergonomic}
    uintx ProfiledCodeHeapSize                     = 122909434                              {pd product} {ergonomic}
    uintx ReservedCodeCacheSize                    = 251658240                              {pd product} {ergonomic}
     bool SegmentedCodeCache                       = true                                      {product} {ergonomic}
   size_t SoftMaxHeapSize                          = 2080374784                             {manageable} {ergonomic}
     bool UseCompressedClassPointers               = true                           {product lp64_product} {ergonomic}
     bool UseCompressedOops                        = true                           {product lp64_product} {ergonomic}
     bool UseG1GC                                  = true                                      {product} {ergonomic}
     bool UseLargePagesIndividualAllocation        = false                                  {pd product} {ergonomic}

Logging:
Log output configuration:
 #0: stdout all=warning uptime,level,tags foldmultilines=false
 #1: stderr all=off uptime,level,tags foldmultilines=false

Environment Variables:
PATH=C:\Program Files (x86)\Common Files\Oracle\Java\javapath;C:\Windows\system32;C:\Windows;C:\Windows\System32\Wbem;C:\Windows\System32\WindowsPowerShell\v1.0\;C:\Windows\System32\OpenSSH\;C:\Program Files (x86)\dotnet\;C:\Program Files\dotnet\;C:\Program Files (x86)\NVIDIA Corporation\PhysX\Common;C:\Program Files\Git\cmd;C:\Users\lator\AppData\Local\Microsoft\WindowsApps;;C:\Program Files\JetBrains\IntelliJ IDEA Community Edition 2022.1.3\bin;
USERNAME=lator
OS=Windows_NT
PROCESSOR_IDENTIFIER=Intel64 Family 6 Model 126 Stepping 5, GenuineIntel
TMP=C:\Users\lator\AppData\Local\Temp
TEMP=C:\Users\lator\AppData\Local\Temp



---------------  S Y S T E M  ---------------

OS:
 Windows 11 , 64 bit Build 22000 (10.0.22000.1335)
OS uptime: 1 days 7:48 hours

CPU: total 8 (initial active 8) (4 cores per cpu, 2 threads per core) family 6 model 126 stepping 5 microcode 0xa6, cx8, cmov, fxsr, ht, mmx, 3dnowpref, sse, sse2, sse3, ssse3, sse4.1, sse4.2, popcnt, lzcnt, tsc, tscinvbit, avx, avx2, aes, erms, clmul, bmi1, bmi2, adx, avx512f, avx512dq, avx512cd, avx512bw, avx512vl, sha, fma, vzeroupper, avx512_vpopcntdq, avx512_vpclmulqdq, avx512_vaes, avx512_vnni, clflush, clflushopt, avx512_vbmi2, avx512_vbmi, rdtscp, rdpid, fsrm, gfni, avx512_bitalg

Memory: 4k page, system-wide physical 7932M (1374M free)
TotalPageFile size 32508M (AvailPageFile size 10M)
current process WorkingSet (physical memory assigned to process): 11M, peak: 11M
current process commit charge ("private bytes"): 60M, peak: 184M

vm_info: OpenJDK 64-Bit Server VM (19.0.1+10-21) for windows-amd64 JRE (19.0.1+10-21), built on 2022-09-14T12:45:06Z by "mach5one" with MS VC++ 17.1 (VS2022)

END.
